  1005. Maximize Sum Of Array After K Negations.cpp
e:\github\myleetcode\easy\1005. maximize sum of array after k negations.cpp(36): fatal error C1010: 在查找预编译头时遇到意外的文件结尾。是否忘记了向源中添加“#include "stdafx.h"”?
  1006. Clumsy Factorial.cpp
e:\github\myleetcode\easy\1006. clumsy factorial.cpp(63): fatal error C1010: 在查找预编译头时遇到意外的文件结尾。是否忘记了向源中添加“#include "stdafx.h"”?
  1104. Path In Zigzag Labelled Binary Tree.cpp
e:\github\myleetcode\easy\1104. path in zigzag labelled binary tree.cpp(27): fatal error C1010: 在查找预编译头时遇到意外的文件结尾。是否忘记了向源中添加“#include "stdafx.h"”?
  438_FIndAllAnagramInAString.cpp
e:\github\myleetcode\easy\438_findallanagraminastring.cpp(33): fatal error C1010: 在查找预编译头时遇到意外的文件结尾。是否忘记了向源中添加“#include "stdafx.h"”?
  447_NumbersOfBoomeranges.cpp
e:\github\myleetcode\easy\447_numbersofboomeranges.cpp(47): fatal error C1010: 在查找预编译头时遇到意外的文件结尾。是否忘记了向源中添加“#include "stdafx.h"”?
  448_FindAllNumbersDisappearedInAnArray.cpp
e:\github\myleetcode\easy\448_findallnumbersdisappearedinanarray.cpp(33): fatal error C1010: 在查找预编译头时遇到意外的文件结尾。是否忘记了向源中添加“#include "stdafx.h"”?
  532. K-diff Pairs in an Array.cpp
e:\github\myleetcode\easy\532. k-diff pairs in an array.cpp(31): fatal error C1010: 在查找预编译头时遇到意外的文件结尾。是否忘记了向源中添加“#include "stdafx.h"”?
  594. Longest Harmonious Subsequence.cpp
e:\github\myleetcode\easy\594. longest harmonious subsequence.cpp(30): fatal error C1010: 在查找预编译头时遇到意外的文件结尾。是否忘记了向源中添加“#include "stdafx.h"”?
  599. Minimum Index Sum of Two Lists.cpp
e:\github\myleetcode\easy\599. minimum index sum of two lists.cpp(38): fatal error C1010: 在查找预编译头时遇到意外的文件结尾。是否忘记了向源中添加“#include "stdafx.h"”?
  628. Maximum Product of Three Numbers.cpp
e:\github\myleetcode\easy\628. maximum product of three numbers.cpp(78): fatal error C1010: 在查找预编译头时遇到意外的文件结尾。是否忘记了向源中添加“#include "stdafx.h"”?
  643. Maximum Average Subarray I.cpp
e:\github\myleetcode\easy\643. maximum average subarray i.cpp(26): fatal error C1010: 在查找预编译头时遇到意外的文件结尾。是否忘记了向源中添加“#include "stdafx.h"”?
  703. Kth Largest Element in a Stream.cpp
e:\github\myleetcode\easy\703. kth largest element in a stream.cpp(40): fatal error C1010: 在查找预编译头时遇到意外的文件结尾。是否忘记了向源中添加“#include "stdafx.h"”?
  705. Design HashSet.cpp
e:\github\myleetcode\easy\705. design hashset.cpp(86): fatal error C1010: 在查找预编译头时遇到意外的文件结尾。是否忘记了向源中添加“#include "stdafx.h"”?
  706. Design HashMap.cpp
e:\github\myleetcode\easy\706. design hashmap.cpp(214): fatal error C1010: 在查找预编译头时遇到意外的文件结尾。是否忘记了向源中添加“#include "stdafx.h"”?
  707. Design Linked List.cpp
e:\github\myleetcode\easy\707. design linked list.cpp(99): fatal error C1010: 在查找预编译头时遇到意外的文件结尾。是否忘记了向源中添加“#include "stdafx.h"”?
  733. Flood Fill.cpp
e:\github\myleetcode\easy\733. flood fill.cpp(44): fatal error C1010: 在查找预编译头时遇到意外的文件结尾。是否忘记了向源中添加“#include "stdafx.h"”?
  743. Network Delay Time.cpp
e:\github\myleetcode\easy\743. network delay time.cpp(76): fatal error C1010: 在查找预编译头时遇到意外的文件结尾。是否忘记了向源中添加“#include "stdafx.h"”?
  746. Min Cost Climbing Stairs.cpp
e:\github\myleetcode\easy\746. min cost climbing stairs.cpp(21): fatal error C1010: 在查找预编译头时遇到意外的文件结尾。是否忘记了向源中添加“#include "stdafx.h"”?
  748. Shortest Completing Word.cpp
e:\github\myleetcode\easy\748. shortest completing word.cpp(57): fatal error C1010: 在查找预编译头时遇到意外的文件结尾。是否忘记了向源中添加“#include "stdafx.h"”?
  754. Reach a Number.cpp
e:\github\myleetcode\easy\754. reach a number.cpp(18): fatal error C1010: 在查找预编译头时遇到意外的文件结尾。是否忘记了向源中添加“#include "stdafx.h"”?
  正在生成代码...
  正在编译...
  766. Toeplitz Matrix.cpp
e:\github\myleetcode\easy\766. toeplitz matrix.cpp(26): fatal error C1010: 在查找预编译头时遇到意外的文件结尾。是否忘记了向源中添加“#include "stdafx.h"”?
  811. Subdomain Visit Count.cpp
e:\github\myleetcode\easy\811. subdomain visit count.cpp(35): fatal error C1010: 在查找预编译头时遇到意外的文件结尾。是否忘记了向源中添加“#include "stdafx.h"”?
  819. Most Common Word.cpp
e:\github\myleetcode\easy\819. most common word.cpp(46): fatal error C1010: 在查找预编译头时遇到意外的文件结尾。是否忘记了向源中添加“#include "stdafx.h"”?
  821. Shortest Distance to a Character.cpp
e:\github\myleetcode\easy\821. shortest distance to a character.cpp(56): fatal error C1010: 在查找预编译头时遇到意外的文件结尾。是否忘记了向源中添加“#include "stdafx.h"”?
  840. Magic Squares In Grid.cpp
e:\github\myleetcode\easy\840. magic squares in grid.cpp(42): fatal error C1010: 在查找预编译头时遇到意外的文件结尾。是否忘记了向源中添加“#include "stdafx.h"”?
  849. Maximize Distance to Closest Person.cpp
e:\github\myleetcode\easy\849. maximize distance to closest person.cpp(40): fatal error C1010: 在查找预编译头时遇到意外的文件结尾。是否忘记了向源中添加“#include "stdafx.h"”?
  859. Buddy Strings.cpp
e:\github\myleetcode\easy\859. buddy strings.cpp(41): fatal error C1010: 在查找预编译头时遇到意外的文件结尾。是否忘记了向源中添加“#include "stdafx.h"”?
  872. Leaf-Similar Trees.cpp
e:\github\myleetcode\easy\872. leaf-similar trees.cpp(41): fatal error C1010: 在查找预编译头时遇到意外的文件结尾。是否忘记了向源中添加“#include "stdafx.h"”?
  874. Walking Robot Simulation.cpp
e:\github\myleetcode\easy\874. walking robot simulation.cpp(46): fatal error C1010: 在查找预编译头时遇到意外的文件结尾。是否忘记了向源中添加“#include "stdafx.h"”?
  893. Groups of Special-Equivalent Strings.cpp
e:\github\myleetcode\easy\893. groups of special-equivalent strings.cpp(46): fatal error C1010: 在查找预编译头时遇到意外的文件结尾。是否忘记了向源中添加“#include "stdafx.h"”?
  896. Monotonic Array.cpp
e:\github\myleetcode\easy\896. monotonic array.cpp(27): fatal error C1010: 在查找预编译头时遇到意外的文件结尾。是否忘记了向源中添加“#include "stdafx.h"”?
  984. String Without AAA or BBB.cpp
e:\github\myleetcode\easy\984. string without aaa or bbb.cpp(42): fatal error C1010: 在查找预编译头时遇到意外的文件结尾。是否忘记了向源中添加“#include "stdafx.h"”?
  正在生成代码...
