  1029. Two City Scheduling.cpp
e:\github\myleetcode\medium\1029. two city scheduling.cpp(44): fatal error C1010: 在查找预编译头时遇到意外的文件结尾。是否忘记了向源中添加“#include "stdafx.h"”?
  1031. Maximum Sum of Two Non-Overlapping Subarrays.cpp
e:\github\myleetcode\medium\1031. maximum sum of two non-overlapping subarrays.cpp(28): fatal error C1010: 在查找预编译头时遇到意外的文件结尾。是否忘记了向源中添加“#include "stdafx.h"”?
  1034. Coloring A Border.cpp
e:\github\myleetcode\medium\1034. coloring a border.cpp(45): fatal error C1010: 在查找预编译头时遇到意外的文件结尾。是否忘记了向源中添加“#include "stdafx.h"”?
  1046. Last Stone Weight.cpp
e:\github\myleetcode\medium\1046. last stone weight.cpp(22): fatal error C1010: 在查找预编译头时遇到意外的文件结尾。是否忘记了向源中添加“#include "stdafx.h"”?
  1047. Remove All Adjacent Duplicates In String.cpp
e:\github\myleetcode\medium\1047. remove all adjacent duplicates in string.cpp(16): fatal error C1010: 在查找预编译头时遇到意外的文件结尾。是否忘记了向源中添加“#include "stdafx.h"”?
  1048. Longest String Chain.cpp
e:\github\myleetcode\medium\1048. longest string chain.cpp(39): fatal error C1010: 在查找预编译头时遇到意外的文件结尾。是否忘记了向源中添加“#include "stdafx.h"”?
  1052. Grumpy Bookstore Owner.cpp
e:\github\myleetcode\medium\1052. grumpy bookstore owner.cpp(44): fatal error C1010: 在查找预编译头时遇到意外的文件结尾。是否忘记了向源中添加“#include "stdafx.h"”?
  1054. Distant Barcodes.cpp
e:\github\myleetcode\medium\1054. distant barcodes.cpp(45): fatal error C1010: 在查找预编译头时遇到意外的文件结尾。是否忘记了向源中添加“#include "stdafx.h"”?
  1093. Statistics from a Large Sample.cpp
e:\github\myleetcode\medium\1093. statistics from a large sample.cpp(60): fatal error C1010: 在查找预编译头时遇到意外的文件结尾。是否忘记了向源中添加“#include "stdafx.h"”?
  36. Valid Sudoku.cpp
e:\github\myleetcode\medium\36. valid sudoku.cpp(44): fatal error C1010: 在查找预编译头时遇到意外的文件结尾。是否忘记了向源中添加“#include "stdafx.h"”?
  43. Multiply Strings.cpp
e:\github\myleetcode\medium\43. multiply strings.cpp(49): fatal error C1010: 在查找预编译头时遇到意外的文件结尾。是否忘记了向源中添加“#include "stdafx.h"”?
  54. Spiral Matrix.cpp
e:\github\myleetcode\medium\54. spiral matrix.cpp(48): fatal error C1010: 在查找预编译头时遇到意外的文件结尾。是否忘记了向源中添加“#include "stdafx.h"”?
  60. Permutation Sequence.cpp
e:\github\myleetcode\medium\60. permutation sequence.cpp(25): fatal error C1010: 在查找预编译头时遇到意外的文件结尾。是否忘记了向源中添加“#include "stdafx.h"”?
  957. Prison Cells After N Days.cpp
e:\github\myleetcode\medium\957. prison cells after n days.cpp(53): fatal error C1010: 在查找预编译头时遇到意外的文件结尾。是否忘记了向源中添加“#include "stdafx.h"”?
  960. Delete Columns to Make Sorted III.cpp
e:\github\myleetcode\medium\960. delete columns to make sorted iii.cpp(44): fatal error C1010: 在查找预编译头时遇到意外的文件结尾。是否忘记了向源中添加“#include "stdafx.h"”?
  962. Maximum Width Ramp.cpp
e:\github\myleetcode\medium\962. maximum width ramp.cpp(24): fatal error C1010: 在查找预编译头时遇到意外的文件结尾。是否忘记了向源中添加“#include "stdafx.h"”?
  966. Vowel Spellchecker.cpp
e:\github\myleetcode\medium\966. vowel spellchecker.cpp(91): fatal error C1010: 在查找预编译头时遇到意外的文件结尾。是否忘记了向源中添加“#include "stdafx.h"”?
  967. Numbers With Same Consecutive Differences.cpp
e:\github\myleetcode\medium\967. numbers with same consecutive differences.cpp(35): fatal error C1010: 在查找预编译头时遇到意外的文件结尾。是否忘记了向源中添加“#include "stdafx.h"”?
  969. Pancake Sorting.cpp
e:\github\myleetcode\medium\969. pancake sorting.cpp(41): fatal error C1010: 在查找预编译头时遇到意外的文件结尾。是否忘记了向源中添加“#include "stdafx.h"”?
  974. Subarray Sums Divisible by K.cpp
e:\github\myleetcode\medium\974. subarray sums divisible by k.cpp(29): fatal error C1010: 在查找预编译头时遇到意外的文件结尾。是否忘记了向源中添加“#include "stdafx.h"”?
  正在生成代码...
  正在编译...
  981. Time Based Key-Value Store.cpp
e:\github\myleetcode\medium\981. time based key-value store.cpp(39): fatal error C1010: 在查找预编译头时遇到意外的文件结尾。是否忘记了向源中添加“#include "stdafx.h"”?
  正在生成代码...
