  Solution.cpp
c:\program files (x86)\microsoft visual studio\2017\community\vc\tools\msvc\14.16.27023\include\xstddef(141): error C2678: 二进制“<”: 没有找到接受“const _Ty”类型的左操作数的运算符(或没有可接受的转换)
          with
          [
              _Ty=TimeMap::timemap
          ]
  d:\github\myleetcode\leetcode_medium\981. time based key-value store\solution.cpp(10): note: 可能是“bool TimeMap::timemap::operator <(const TimeMap::timemap &)”
  c:\program files (x86)\microsoft visual studio\2017\community\vc\tools\msvc\14.16.27023\include\system_error(319): note: 或    “bool std::operator <(const std::error_condition &,const std::error_condition &) noexcept”
  c:\program files (x86)\microsoft visual studio\2017\community\vc\tools\msvc\14.16.27023\include\system_error(312): note: 或    “bool std::operator <(const std::error_code &,const std::error_code &) noexcept”
  c:\program files (x86)\microsoft visual studio\2017\community\vc\tools\msvc\14.16.27023\include\xstddef(141): note: 尝试匹配参数列表“(const _Ty, const _Ty)”时
          with
          [
              _Ty=TimeMap::timemap
          ]
  c:\program files (x86)\microsoft visual studio\2017\community\vc\tools\msvc\14.16.27023\include\xstddef(140): note: 编译 类 模板 成员函数 "bool std::less<TimeMap::timemap>::operator ()(const _Ty &,const _Ty &) const" 时
          with
          [
              _Ty=TimeMap::timemap
          ]
  c:\program files (x86)\microsoft visual studio\2017\community\vc\tools\msvc\14.16.27023\include\xutility(1110): note: 参见对正在编译的函数 模板 实例化“bool std::less<TimeMap::timemap>::operator ()(const _Ty &,const _Ty &) const”的引用
          with
          [
              _Ty=TimeMap::timemap
          ]
  c:\program files (x86)\microsoft visual studio\2017\community\vc\tools\msvc\14.16.27023\include\type_traits(1049): note: 参见对正在编译的 类 模板 实例化 "std::less<TimeMap::timemap>" 的引用
  c:\program files (x86)\microsoft visual studio\2017\community\vc\tools\msvc\14.16.27023\include\queue(247): note: 查看指向正在编译的变量模板“const bool is_nothrow_default_constructible_v<std::less<TimeMap::timemap> >”的引用
  d:\github\myleetcode\leetcode_medium\981. time based key-value store\solution.cpp(24): note: 参见对正在编译的 类 模板 实例化 "std::priority_queue<TimeMap::timemap,std::vector<_Ty,std::allocator<_Ty>>,std::less<_Ty>>" 的引用
          with
          [
              _Ty=TimeMap::timemap
          ]
