  12. Integer to Roman.cpp
  18. 4Sum.cpp
  2. Add Two Numbers.cpp
  22. Generate Parentheses.cpp
  24. Swap Nodes in Pairs.cpp
  25. Reverse Nodes in k-Group.cpp
  33. Search in Rotated Sorted Array.cpp
  5. Longest Palindromic Substring.cpp
  6. ZigZag Conversion.cpp
  8. String to Integer (atoi).cpp
  正在生成代码...
6. ZigZag Conversion.obj : warning LNK4221: 此对象文件未定义任何之前未定义的公共符号，因此任何耗用此库的链接操作都不会使用此文件
5. Longest Palindromic Substring.obj : warning LNK4221: 此对象文件未定义任何之前未定义的公共符号，因此任何耗用此库的链接操作都不会使用此文件
33. Search in Rotated Sorted Array.obj : warning LNK4221: 此对象文件未定义任何之前未定义的公共符号，因此任何耗用此库的链接操作都不会使用此文件
24. Swap Nodes in Pairs.obj : warning LNK4006: "class std::vector<int,class std::allocator<int> > __cdecl ConvertListToVector(struct ListNode *)" (?ConvertListToVector@@YA?AV?$vector@HV?$allocator@H@std@@@std@@PAUListNode@@@Z) 已在 25. Reverse Nodes in k-Group.obj 中定义；已忽略第二个定义
24. Swap Nodes in Pairs.obj : warning LNK4006: "struct ListNode * __cdecl CreateList(class std::vector<int,class std::allocator<int> > const &)" (?CreateList@@YAPAUListNode@@ABV?$vector@HV?$allocator@H@std@@@std@@@Z) 已在 25. Reverse Nodes in k-Group.obj 中定义；已忽略第二个定义
24. Swap Nodes in Pairs.obj : warning LNK4006: "void __cdecl deleteAllNode(struct ListNode *)" (?deleteAllNode@@YAXPAUListNode@@@Z) 已在 25. Reverse Nodes in k-Group.obj 中定义；已忽略第二个定义
24. Swap Nodes in Pairs.obj : warning LNK4221: 此对象文件未定义任何之前未定义的公共符号，因此任何耗用此库的链接操作都不会使用此文件
22. Generate Parentheses.obj : warning LNK4221: 此对象文件未定义任何之前未定义的公共符号，因此任何耗用此库的链接操作都不会使用此文件
2. Add Two Numbers.obj : warning LNK4006: "class std::vector<int,class std::allocator<int> > __cdecl ConvertListToVector(struct ListNode *)" (?ConvertListToVector@@YA?AV?$vector@HV?$allocator@H@std@@@std@@PAUListNode@@@Z) 已在 25. Reverse Nodes in k-Group.obj 中定义；已忽略第二个定义
2. Add Two Numbers.obj : warning LNK4006: "struct ListNode * __cdecl CreateList(class std::vector<int,class std::allocator<int> > const &)" (?CreateList@@YAPAUListNode@@ABV?$vector@HV?$allocator@H@std@@@std@@@Z) 已在 25. Reverse Nodes in k-Group.obj 中定义；已忽略第二个定义
2. Add Two Numbers.obj : warning LNK4006: "void __cdecl deleteAllNode(struct ListNode *)" (?deleteAllNode@@YAXPAUListNode@@@Z) 已在 25. Reverse Nodes in k-Group.obj 中定义；已忽略第二个定义
2. Add Two Numbers.obj : warning LNK4221: 此对象文件未定义任何之前未定义的公共符号，因此任何耗用此库的链接操作都不会使用此文件
18. 4Sum.obj : warning LNK4221: 此对象文件未定义任何之前未定义的公共符号，因此任何耗用此库的链接操作都不会使用此文件
12. Integer to Roman.obj : warning LNK4221: 此对象文件未定义任何之前未定义的公共符号，因此任何耗用此库的链接操作都不会使用此文件
  Medium.vcxproj -> E:\WorkSpace\MyLeetCode\Debug\Medium.lib
